Release 14.5 - xst P.58f (nt64)
Copyright (c) 1995-2012 Xilinx, Inc.  All rights reserved.
--> Parameter TMPDIR set to xst/projnav.tmp


Total REAL time to Xst completion: 0.00 secs
Total CPU time to Xst completion: 0.28 secs
 
--> Parameter xsthdpdir set to xst


Total REAL time to Xst completion: 0.00 secs
Total CPU time to Xst completion: 0.28 secs
 
--> Reading design: ALU.prj

TABLE OF CONTENTS
  1) Synthesis Options Summary
  2) HDL Parsing
  3) HDL Elaboration
  4) HDL Synthesis
       4.1) HDL Synthesis Report
  5) Advanced HDL Synthesis
       5.1) Advanced HDL Synthesis Report
  6) Low Level Synthesis
  7) Partition Report
  8) Design Summary
       8.1) Primitive and Black Box Usage
       8.2) Device utilization summary
       8.3) Partition Resource Summary
       8.4) Timing Report
            8.4.1) Clock Information
            8.4.2) Asynchronous Control Signals Information
            8.4.3) Timing Summary
            8.4.4) Timing Details
            8.4.5) Cross Clock Domains Report


=========================================================================
*                      Synthesis Options Summary                        *
=========================================================================
---- Source Parameters
Input File Name                    : "ALU.prj"
Ignore Synthesis Constraint File   : NO

---- Target Parameters
Output File Name                   : "ALU"
Output Format                      : NGC
Target Device                      : xc7a100t-3-csg324

---- Source Options
Top Module Name                    : ALU
Automatic FSM Extraction           : YES
FSM Encoding Algorithm             : Auto
Safe Implementation                : No
FSM Style                          : LUT
RAM Extraction                     : Yes
RAM Style                          : Auto
ROM Extraction                     : Yes
Shift Register Extraction          : YES
ROM Style                          : Auto
Resource Sharing                   : YES
Asynchronous To Synchronous        : NO
Shift Register Minimum Size        : 2
Use DSP Block                      : Auto
Automatic Register Balancing       : No

---- Target Options
LUT Combining                      : Auto
Reduce Control Sets                : Auto
Add IO Buffers                     : YES
Global Maximum Fanout              : 100000
Add Generic Clock Buffer(BUFG)     : 32
Register Duplication               : YES
Optimize Instantiated Primitives   : NO
Use Clock Enable                   : Auto
Use Synchronous Set                : Auto
Use Synchronous Reset              : Auto
Pack IO Registers into IOBs        : Auto
Equivalent register Removal        : YES

---- General Options
Optimization Goal                  : Speed
Optimization Effort                : 1
Power Reduction                    : NO
Keep Hierarchy                     : No
Netlist Hierarchy                  : As_Optimized
RTL Output                         : Yes
Global Optimization                : AllClockNets
Read Cores                         : YES
Write Timing Constraints           : NO
Cross Clock Analysis               : NO
Hierarchy Separator                : /
Bus Delimiter                      : <>
Case Specifier                     : Maintain
Slice Utilization Ratio            : 100
BRAM Utilization Ratio             : 100
DSP48 Utilization Ratio            : 100
Auto BRAM Packing                  : NO
Slice Utilization Ratio Delta      : 5

=========================================================================


=========================================================================
*                          HDL Parsing                                  *
=========================================================================
Parsing VHDL file "E:\3rd year\semester 2\Archi\Labs\Milestone2\Milestone2\mux_2to1.vhd" into library work
Parsing entity <mux2x1>.
Parsing architecture <Behavioral> of entity <mux2x1>.
Parsing VHDL file "E:\3rd year\semester 2\Archi\Labs\Milestone2\Milestone2\mux-4to1.vhd" into library work
Parsing entity <mux4x1>.
Parsing architecture <Behavioral> of entity <mux4x1>.
Parsing VHDL file "E:\3rd year\semester 2\Archi\Labs\Milestone2\Milestone2\Components.vhd" into library work
Parsing package <Components>.
Parsing package body <Components>.
Parsing VHDL file "E:\3rd year\semester 2\Archi\Labs\Milestone2\Milestone2\ALU_1BIT.vhd" into library work
Parsing entity <ALU_1BIT>.
Parsing architecture <Behavioral> of entity <alu_1bit>.
WARNING:HDLCompiler:946 - "E:\3rd year\semester 2\Archi\Labs\Milestone2\Milestone2\ALU_1BIT.vhd" Line 35: Actual for formal port selc is neither a static name nor a globally static expression
Parsing VHDL file "E:\3rd year\semester 2\Archi\Labs\Milestone2\Milestone2\ALU.vhd" into library work
Parsing entity <ALU>.
Parsing architecture <Behavioral> of entity <alu>.
WARNING:HDLCompiler:946 - "E:\3rd year\semester 2\Archi\Labs\Milestone2\Milestone2\ALU.vhd" Line 22: Actual for formal port myselect is neither a static name nor a globally static expression
WARNING:HDLCompiler:946 - "E:\3rd year\semester 2\Archi\Labs\Milestone2\Milestone2\ALU.vhd" Line 23: Actual for formal port myselect is neither a static name nor a globally static expression
WARNING:HDLCompiler:946 - "E:\3rd year\semester 2\Archi\Labs\Milestone2\Milestone2\ALU.vhd" Line 24: Actual for formal port myselect is neither a static name nor a globally static expression
WARNING:HDLCompiler:946 - "E:\3rd year\semester 2\Archi\Labs\Milestone2\Milestone2\ALU.vhd" Line 25: Actual for formal port myselect is neither a static name nor a globally static expression
WARNING:HDLCompiler:946 - "E:\3rd year\semester 2\Archi\Labs\Milestone2\Milestone2\ALU.vhd" Line 26: Actual for formal port myselect is neither a static name nor a globally static expression
WARNING:HDLCompiler:946 - "E:\3rd year\semester 2\Archi\Labs\Milestone2\Milestone2\ALU.vhd" Line 27: Actual for formal port myselect is neither a static name nor a globally static expression
WARNING:HDLCompiler:946 - "E:\3rd year\semester 2\Archi\Labs\Milestone2\Milestone2\ALU.vhd" Line 28: Actual for formal port myselect is neither a static name nor a globally static expression
WARNING:HDLCompiler:946 - "E:\3rd year\semester 2\Archi\Labs\Milestone2\Milestone2\ALU.vhd" Line 29: Actual for formal port myselect is neither a static name nor a globally static expression
WARNING:HDLCompiler:946 - "E:\3rd year\semester 2\Archi\Labs\Milestone2\Milestone2\ALU.vhd" Line 30: Actual for formal port myselect is neither a static name nor a globally static expression
WARNING:HDLCompiler:946 - "E:\3rd year\semester 2\Archi\Labs\Milestone2\Milestone2\ALU.vhd" Line 31: Actual for formal port myselect is neither a static name nor a globally static expression
WARNING:HDLCompiler:946 - "E:\3rd year\semester 2\Archi\Labs\Milestone2\Milestone2\ALU.vhd" Line 32: Actual for formal port myselect is neither a static name nor a globally static expression
WARNING:HDLCompiler:946 - "E:\3rd year\semester 2\Archi\Labs\Milestone2\Milestone2\ALU.vhd" Line 33: Actual for formal port myselect is neither a static name nor a globally static expression
WARNING:HDLCompiler:946 - "E:\3rd year\semester 2\Archi\Labs\Milestone2\Milestone2\ALU.vhd" Line 34: Actual for formal port myselect is neither a static name nor a globally static expression
WARNING:HDLCompiler:946 - "E:\3rd year\semester 2\Archi\Labs\Milestone2\Milestone2\ALU.vhd" Line 35: Actual for formal port myselect is neither a static name nor a globally static expression
WARNING:HDLCompiler:946 - "E:\3rd year\semester 2\Archi\Labs\Milestone2\Milestone2\ALU.vhd" Line 36: Actual for formal port myselect is neither a static name nor a globally static expression
WARNING:HDLCompiler:946 - "E:\3rd year\semester 2\Archi\Labs\Milestone2\Milestone2\ALU.vhd" Line 37: Actual for formal port myselect is neither a static name nor a globally static expression
WARNING:HDLCompiler:946 - "E:\3rd year\semester 2\Archi\Labs\Milestone2\Milestone2\ALU.vhd" Line 38: Actual for formal port myselect is neither a static name nor a globally static expression
WARNING:HDLCompiler:946 - "E:\3rd year\semester 2\Archi\Labs\Milestone2\Milestone2\ALU.vhd" Line 39: Actual for formal port myselect is neither a static name nor a globally static expression
WARNING:HDLCompiler:946 - "E:\3rd year\semester 2\Archi\Labs\Milestone2\Milestone2\ALU.vhd" Line 40: Actual for formal port myselect is neither a static name nor a globally static expression
WARNING:HDLCompiler:946 - "E:\3rd year\semester 2\Archi\Labs\Milestone2\Milestone2\ALU.vhd" Line 41: Actual for formal port myselect is neither a static name nor a globally static expression
WARNING:HDLCompiler:946 - "E:\3rd year\semester 2\Archi\Labs\Milestone2\Milestone2\ALU.vhd" Line 42: Actual for formal port myselect is neither a static name nor a globally static expression
WARNING:HDLCompiler:946 - "E:\3rd year\semester 2\Archi\Labs\Milestone2\Milestone2\ALU.vhd" Line 43: Actual for formal port myselect is neither a static name nor a globally static expression
WARNING:HDLCompiler:946 - "E:\3rd year\semester 2\Archi\Labs\Milestone2\Milestone2\ALU.vhd" Line 44: Actual for formal port myselect is neither a static name nor a globally static expression
WARNING:HDLCompiler:946 - "E:\3rd year\semester 2\Archi\Labs\Milestone2\Milestone2\ALU.vhd" Line 45: Actual for formal port myselect is neither a static name nor a globally static expression
WARNING:HDLCompiler:946 - "E:\3rd year\semester 2\Archi\Labs\Milestone2\Milestone2\ALU.vhd" Line 46: Actual for formal port myselect is neither a static name nor a globally static expression
WARNING:HDLCompiler:946 - "E:\3rd year\semester 2\Archi\Labs\Milestone2\Milestone2\ALU.vhd" Line 47: Actual for formal port myselect is neither a static name nor a globally static expression
WARNING:HDLCompiler:946 - "E:\3rd year\semester 2\Archi\Labs\Milestone2\Milestone2\ALU.vhd" Line 48: Actual for formal port myselect is neither a static name nor a globally static expression
WARNING:HDLCompiler:946 - "E:\3rd year\semester 2\Archi\Labs\Milestone2\Milestone2\ALU.vhd" Line 49: Actual for formal port myselect is neither a static name nor a globally static expression
WARNING:HDLCompiler:946 - "E:\3rd year\semester 2\Archi\Labs\Milestone2\Milestone2\ALU.vhd" Line 50: Actual for formal port myselect is neither a static name nor a globally static expression
WARNING:HDLCompiler:946 - "E:\3rd year\semester 2\Archi\Labs\Milestone2\Milestone2\ALU.vhd" Line 51: Actual for formal port myselect is neither a static name nor a globally static expression
WARNING:HDLCompiler:946 - "E:\3rd year\semester 2\Archi\Labs\Milestone2\Milestone2\ALU.vhd" Line 52: Actual for formal port myselect is neither a static name nor a globally static expression
WARNING:HDLCompiler:946 - "E:\3rd year\semester 2\Archi\Labs\Milestone2\Milestone2\ALU.vhd" Line 53: Actual for formal port myselect is neither a static name nor a globally static expression

=========================================================================
*                            HDL Elaboration                            *
=========================================================================

Elaborating entity <ALU> (architecture <Behavioral>) from library <work>.

Elaborating entity <ALU_1BIT> (architecture <Behavioral>) from library <work>.

Elaborating entity <mux2x1> (architecture <Behavioral>) from library <work>.

Elaborating entity <mux4x1> (architecture <Behavioral>) from library <work>.

=========================================================================
*                           HDL Synthesis                               *
=========================================================================

Synthesizing Unit <ALU>.
    Related source file is "E:\3rd year\semester 2\Archi\Labs\Milestone2\Milestone2\ALU.vhd".
WARNING:Xst:647 - Input <aluop<3:3>> is never used. This port will be preserved and left unconnected if it belongs to a top-level block or it belongs to a sub-block and the hierarchy of this sub-block is preserved.
    Found 32-bit comparator lessequal for signal <n0002> created at line 57
    Summary:
	inferred   1 Comparator(s).
Unit <ALU> synthesized.

Synthesizing Unit <ALU_1BIT>.
    Related source file is "E:\3rd year\semester 2\Archi\Labs\Milestone2\Milestone2\ALU_1BIT.vhd".
    Summary:
Unit <ALU_1BIT> synthesized.

Synthesizing Unit <mux2x1>.
    Related source file is "E:\3rd year\semester 2\Archi\Labs\Milestone2\Milestone2\mux_2to1.vhd".
    Found 1-bit tristate buffer for signal <mout> created at line 43
    Summary:
	inferred   1 Multiplexer(s).
	inferred   1 Tristate(s).
Unit <mux2x1> synthesized.

Synthesizing Unit <mux4x1>.
    Related source file is "E:\3rd year\semester 2\Archi\Labs\Milestone2\Milestone2\mux-4to1.vhd".
    Found 1-bit 4-to-1 multiplexer for signal <Z_7_o_i1_MUX_12_o> created at line 44.
    Found 1-bit tristate buffer for signal <mout> created at line 44
    Summary:
	inferred   1 Multiplexer(s).
	inferred   1 Tristate(s).
Unit <mux4x1> synthesized.

=========================================================================
HDL Synthesis Report

Macro Statistics
# Comparators                                          : 1
 32-bit comparator lessequal                           : 1
# Multiplexers                                         : 96
 1-bit 2-to-1 multiplexer                              : 64
 1-bit 4-to-1 multiplexer                              : 32
# Tristates                                            : 96
 1-bit tristate buffer                                 : 96
# Xors                                                 : 65
 1-bit xor2                                            : 65

=========================================================================

=========================================================================
*                       Advanced HDL Synthesis                          *
=========================================================================


=========================================================================
Advanced HDL Synthesis Report

Macro Statistics
# Comparators                                          : 1
 32-bit comparator lessequal                           : 1
# Multiplexers                                         : 32
 1-bit 4-to-1 multiplexer                              : 32
# Xors                                                 : 65
 1-bit xor2                                            : 65

=========================================================================

=========================================================================
*                         Low Level Synthesis                           *
=========================================================================
WARNING:Xst:2042 - Unit ALU: 32 internal tristates are replaced by logic (pull-up yes): N10, N11, N12, N13, N14, N15, N16, N17, N18, N19, N2, N20, N21, N22, N23, N24, N25, N26, N27, N28, N29, N3, N30, N31, N32, N33, N4, N5, N6, N7, N8, N9.

Optimizing unit <ALU> ...

Mapping all equations...
Building and optimizing final netlist ...
Found area constraint ratio of 100 (+ 5) on block ALU, actual ratio is 0.

Final Macro Processing ...

=========================================================================
Final Register Report

Found no macro
=========================================================================

=========================================================================
*                           Partition Report                            *
=========================================================================

Partition Implementation Status
-------------------------------

  No Partitions were found in this design.

-------------------------------

=========================================================================
*                            Design Summary                             *
=========================================================================

Top Level Output File Name         : ALU.ngc

Primitive and Black Box Usage:
------------------------------
# BELS                             : 81
#      GND                         : 1
#      LUT2                        : 1
#      LUT4                        : 16
#      LUT5                        : 6
#      LUT6                        : 49
#      MUXCY                       : 7
#      VCC                         : 1
# IO Buffers                       : 103
#      IBUF                        : 68
#      OBUF                        : 35

Device utilization summary:
---------------------------

Selected Device : 7a100tcsg324-3 


Slice Logic Utilization: 
 Number of Slice LUTs:                   72  out of  63400     0%  
    Number used as Logic:                72  out of  63400     0%  

Slice Logic Distribution: 
 Number of LUT Flip Flop pairs used:     72
   Number with an unused Flip Flop:      72  out of     72   100%  
   Number with an unused LUT:             0  out of     72     0%  
   Number of fully used LUT-FF pairs:     0  out of     72     0%  
   Number of unique control sets:         0

IO Utilization: 
 Number of IOs:                         104
 Number of bonded IOBs:                 103  out of    210    49%  

Specific Feature Utilization:

---------------------------
Partition Resource Summary:
---------------------------

  No Partitions were found in this design.

---------------------------


=========================================================================
Timing Report

NOTE: THESE TIMING NUMBERS ARE ONLY A SYNTHESIS ESTIMATE.
      FOR ACCURATE TIMING INFORMATION PLEASE REFER TO THE TRACE REPORT
      GENERATED AFTER PLACE-and-ROUTE.

Clock Information:
------------------
No clock signals found in this design

Asynchronous Control Signals Information:
----------------------------------------
No asynchronous control signals found in this design

Timing Summary:
---------------
Speed Grade: -3

   Minimum period: No path found
   Minimum input arrival time before clock: No path found
   Maximum output required time after clock: No path found
   Maximum combinational path delay: 14.582ns

Timing Details:
---------------
All values displayed in nanoseconds (ns)

=========================================================================
Timing constraint: Default path analysis
  Total number of paths / destination ports: 3042 / 35
-------------------------------------------------------------------------
Delay:               14.582ns (Levels of Logic = 21)
  Source:            cin (PAD)
  Destination:       zflag (PAD)

  Data Path: cin to zflag
                                Gate     Net
    Cell:in->out      fanout   Delay   Delay  Logical Name (Net Name)
    ----------------------------------------  ------------
     IBUF:I->O             3   0.001   0.703  cin_IBUF (cin_IBUF)
     LUT6:I0->O            3   0.097   0.703  A1/COUT1 (carry<1>)
     LUT6:I0->O            3   0.097   0.703  A3/COUT1 (carry<3>)
     LUT6:I0->O            3   0.097   0.703  A5/COUT1 (carry<5>)
     LUT6:I0->O            3   0.097   0.703  A7/COUT1 (carry<7>)
     LUT6:I0->O            3   0.097   0.703  A9/COUT1 (carry<9>)
     LUT6:I0->O            3   0.097   0.703  A11/COUT1 (carry<11>)
     LUT6:I0->O            3   0.097   0.703  A13/COUT1 (carry<13>)
     LUT6:I0->O            3   0.097   0.703  A15/COUT1 (carry<15>)
     LUT6:I0->O            3   0.097   0.703  A17/COUT1 (carry<17>)
     LUT6:I0->O            3   0.097   0.703  A19/COUT1 (carry<19>)
     LUT6:I0->O            3   0.097   0.703  A21/COUT1 (carry<21>)
     LUT6:I0->O            3   0.097   0.703  A23/COUT1 (carry<23>)
     LUT6:I0->O            3   0.097   0.703  A25/COUT1 (carry<25>)
     LUT6:I0->O            3   0.097   0.703  A27/COUT1 (carry<27>)
     LUT6:I0->O            4   0.097   0.570  A29/COUT1 (carry<29>)
     LUT4:I0->O            1   0.097   0.556  A30/COUT1 (carry<30>)
     LUT6:I2->O            2   0.097   0.300  A31/m2/Mmux_Z_7_o_i1_MUX_12_o11 (dataout_31_OBUF)
     LUT2:I1->O            1   0.097   0.000  Mcompar_zflag_lut<6> (Mcompar_zflag_lut<6>)
     MUXCY:S->O            1   0.583   0.279  Mcompar_zflag_cy<6> (zflag_OBUF)
     OBUF:I->O                 0.000          zflag_OBUF (zflag)
    ----------------------------------------
    Total                     14.582ns (2.330ns logic, 12.252ns route)
                                       (16.0% logic, 84.0% route)

=========================================================================

Cross Clock Domains Report:
--------------------------

=========================================================================


Total REAL time to Xst completion: 10.00 secs
Total CPU time to Xst completion: 9.76 secs
 
--> 

Total memory usage is 424536 kilobytes

Number of errors   :    0 (   0 filtered)
Number of warnings :   35 (   0 filtered)
Number of infos    :    0 (   0 filtered)

